========== 服务健康探测报告 ==========
生成时间：        2026-04-25 23:09:57
配置文件：                config.json
单次探测超时：                       7s
总目标数：                          9
成功数量：                          6
失败数量：                          3
成功率：                       66.67%
失败率：                       33.33%
平均耗时：                      3.82s

响应时间分布：
- <100ms:      2
- 100ms~500ms: 4
- 500ms~1s:    0
- >1s:         3

最慢服务 TOP 3：
1. 无效服务 (HTTP, https://not-exist-domain-123.com) - 耗时=14.001s - 实际结果=Request failed
2. 慢速响应模拟 (HTTP, https://httpbin.org/delay/5) - 耗时=12.387s - 实际结果=200 OK
3. Raw 文本文件 (HTTP, https://raw.githubusercontent.com/gfwlist/gfwlist/master/gfwlist.txt) - 耗时=7s - 实际结果=Request failed

详细结果：
序号   服务名         协议   地址                                                                   结果   预期                         实际             耗时      尝试次数   错误                                                                                                                   
1      百度搜索       http   https://www.baidu.com                                                  OK     200 OK                       200 OK           173ms     1                                                                                                                                 
2      网易首页       http   https://www.163.com                                                    OK     200 OK                       200 OK           178ms     1                                                                                                                                 
3      GitHub         http   https://github.com                                                     OK     200 OK                       200 OK           411ms     1                                                                                                                                 
4      MySQL服务      tcp    localhost:3306                                                         OK     Connected                    Connected        26ms      1                                                                                                                                 
5      本身SSH        tcp    localhost:22                                                           FAIL   Connected                    Disconnected     26ms      1          TCP 连接失败: dial tcp [::1]:22: connectex: No connection could be made because the target machine actively refused it.
6      无效服务       http   https://not-exist-domain-123.com                                       FAIL   2xx status                   Request failed   14.001s   2          HTTP 请求失败: Get "https://not-exist-domain-123.com": context deadline exceeded                                       
7      B站API         http   https://api.bilibili.com/x/web-interface/nav                           OK     200 OK                       200 OK           179ms     1                                                                                                                                 
8      Raw 文本文件   http   https://raw.githubusercontent.com/gfwlist/gfwlist/master/gfwlist.txt   FAIL   2xx status + Contains "Go"   Request failed   7s        1          HTTP 请求失败: Get "https://raw.githubusercontent.com/gfwlist/gfwlist/master/gfwlist.txt": context deadline exceeded   
9      慢速响应模拟   http   https://httpbin.org/delay/5                                            OK     2xx status                   200 OK           12.387s   2                                                                                                                                 
