========== 服务健康探测报告 ==========
生成时间：        2026-04-26 01:35:10
配置文件：                config.json
单次探测超时：                       7s
总目标数：                          9
成功数量：                          7
失败数量：                          2
成功率：                       77.78%
失败率：                       22.22%
平均耗时：                     1.654s

响应时间分布：
- <100ms:      2
- 100ms~500ms: 0
- 500ms~1s:    3
- >1s:         4

最慢服务 TOP 3：
1. 慢速响应模拟 (HTTP, https://httpbin.org/delay/5) - 耗时=6.484s - 实际结果=200 OK
2. 无效服务 (HTTP, https://not-exist-domain-123.com) - 耗时=3.719s - 实际结果=Request failed
3. 百度搜索 (HTTP, https://www.baidu.com) - 耗时=1.418s - 实际结果=200 OK

详细结果：
序号   服务名         协议   地址                                                                   结果   预期                         实际                         耗时     尝试次数   错误                                                                                                                   
1      百度搜索       http   https://www.baidu.com                                                  OK     200 OK                       200 OK                       1.418s   1                                                                                                                                 
2      网易首页       http   https://www.163.com                                                    OK     200 OK                       200 OK                       1.065s   1                                                                                                                                 
3      GitHub         http   https://github.com                                                     OK     200 OK                       200 OK                       825ms    1                                                                                                                                 
4      MySQL服务      tcp    localhost:3306                                                         OK     Connected                    Connected                    25ms     1                                                                                                                                 
5      本身SSH        tcp    localhost:22                                                           FAIL   Connected                    Disconnected                 25ms     1          TCP 连接失败: dial tcp [::1]:22: connectex: No connection could be made because the target machine actively refused it.
6      无效服务       http   https://not-exist-domain-123.com                                       FAIL   2xx status                   Request failed               3.719s   2          HTTP 请求失败: Get "https://not-exist-domain-123.com": EOF                                                             
7      B站API         http   https://api.bilibili.com/x/web-interface/nav                           OK     200 OK                       200 OK                       661ms    1                                                                                                                                 
8      Raw 文本文件   http   https://raw.githubusercontent.com/gfwlist/gfwlist/master/gfwlist.txt   OK     2xx status + Contains "Go"   200 OK, Contains "Go"=true   667ms    1                                                                                                                                 
9      慢速响应模拟   http   https://httpbin.org/delay/5                                            OK     2xx status                   200 OK                       6.484s   1                                                                                                                                 
